Using pre-set license
Built from '2021.3/staging' branch; Version is '2021.3.9f1 (ad3870b89536) revision 11352176'; Using compiler version '192829333'; Build Type 'Release'
OS: 'Windows 10  (10.0.19043) 64bit Core' Language: 'en' Physical Memory: 16145 MB
BatchMode: 1, IsHumanControllingUs: 0, StartBugReporterOnCrash: 0, Is64bit: 1, IsPro: 1

COMMAND LINE ARGUMENTS:
C:\Program Files\Unity\Hub\Editor\2021.3.9f1\Editor\Unity.exe
-adb2
-batchMode
-noUpm
-name
AssetImportWorker2
-projectPath
C:/Users/dankm/Documents/GitHub/Chess
-logFile
Logs/AssetImportWorker2.log
-srvPort
60304
Successfully changed project path to: C:/Users/dankm/Documents/GitHub/Chess
C:/Users/dankm/Documents/GitHub/Chess
[UnityMemory] Configuration Parameters - Can be set up in boot.config
    "memorysetup-bucket-allocator-granularity=16"
    "memorysetup-bucket-allocator-bucket-count=8"
    "memorysetup-bucket-allocator-block-size=33554432"
    "memorysetup-bucket-allocator-block-count=8"
    "memorysetup-main-allocator-block-size=16777216"
    "memorysetup-thread-allocator-block-size=16777216"
    "memorysetup-gfx-main-allocator-block-size=16777216"
    "memorysetup-gfx-thread-allocator-block-size=16777216"
    "memorysetup-cache-allocator-block-size=4194304"
    "memorysetup-typetree-allocator-block-size=2097152"
    "memorysetup-profiler-bucket-allocator-granularity=16"
    "memorysetup-profiler-bucket-allocator-bucket-count=8"
    "memorysetup-profiler-bucket-allocator-block-size=33554432"
    "memorysetup-profiler-bucket-allocator-block-count=8"
    "memorysetup-profiler-allocator-block-size=16777216"
    "memorysetup-profiler-editor-allocator-block-size=1048576"
    "memorysetup-temp-allocator-size-main=16777216"
    "memorysetup-job-temp-allocator-block-size=2097152"
    "memorysetup-job-temp-allocator-block-size-background=1048576"
    "memorysetup-job-temp-allocator-reduction-small-platforms=262144"
    "memorysetup-temp-allocator-size-background-worker=32768"
    "memorysetup-temp-allocator-size-job-worker=262144"
    "memorysetup-temp-allocator-size-preload-manager=33554432"
    "memorysetup-temp-allocator-size-nav-mesh-worker=65536"
    "memorysetup-temp-allocator-size-audio-worker=65536"
    "memorysetup-temp-allocator-size-cloud-worker=32768"
    "memorysetup-temp-allocator-size-gi-baking-worker=262144"
    "memorysetup-temp-allocator-size-gfx=262144"
Refreshing native plugins compatible for Editor in 40.83 ms, found 2 plugins.
Preloading 0 native plugins for Editor in 0.00 ms.
Initialize engine version: 2021.3.9f1 (ad3870b89536)
[Subsystems] Discovering subsystems at path C:/Program Files/Unity/Hub/Editor/2021.3.9f1/Editor/Data/Resources/UnitySubsystems
[Subsystems] Discovering subsystems at path C:/Users/dankm/Documents/GitHub/Chess/Assets
GfxDevice: creating device client; threaded=0; jobified=0
Direct3D:
    Version:  Direct3D 11.0 [level 11.1]
    Renderer: NVIDIA GeForce RTX 2060 (ID=0x1f15)
    Vendor:   NVIDIA
    VRAM:     5980 MB
    Driver:   30.0.15.1272
Initialize mono
Mono path[0] = 'C:/Program Files/Unity/Hub/Editor/2021.3.9f1/Editor/Data/Managed'
Mono path[1] = 'C:/Program Files/Unity/Hub/Editor/2021.3.9f1/Editor/Data/MonoBleedingEdge/lib/mono/unityjit-win32'
Mono config path = 'C:/Program Files/Unity/Hub/Editor/2021.3.9f1/Editor/Data/MonoBleedingEdge/etc'
Using monoOptions --debugger-agent=transport=dt_socket,embedding=1,server=y,suspend=n,address=127.0.0.1:56128
Begin MonoManager ReloadAssembly
Registering precompiled unity dll's ...
Register platform support module: C:/Program Files/Unity/Hub/Editor/2021.3.9f1/Editor/Data/PlaybackEngines/WindowsStandaloneSupport/UnityEditor.WindowsStandalone.Extensions.dll
Registered in 0.013327 seconds.
Native extension for WindowsStandalone target not found
Refreshing native plugins compatible for Editor in 41.61 ms, found 2 plugins.
Preloading 0 native plugins for Editor in 0.00 ms.
Mono: successfully reloaded assembly
- Completed reload, in  0.791 seconds
Domain Reload Profiling:
	ReloadAssembly (792ms)
		BeginReloadAssembly (92ms)
			ExecutionOrderSort (0ms)
			DisableScriptedObjects (0ms)
			BackupInstance (0ms)
			ReleaseScriptingObjects (0ms)
			CreateAndSetChildDomain (1ms)
		EndReloadAssembly (545ms)
			LoadAssemblies (89ms)
			RebuildTransferFunctionScriptingTraits (0ms)
			SetupTypeCache (139ms)
			ReleaseScriptCaches (0ms)
			RebuildScriptCaches (56ms)
			SetupLoadedEditorAssemblies (284ms)
				LogAssemblyErrors (0ms)
				InitializePlatformSupportModulesInManaged (10ms)
				SetLoadedEditorAssemblies (0ms)
				RefreshPlugins (42ms)
				BeforeProcessingInitializeOnLoad (2ms)
				ProcessInitializeOnLoadAttributes (174ms)
				ProcessInitializeOnLoadMethodAttributes (56ms)
				AfterProcessingInitializeOnLoad (0ms)
				EditorAssembliesLoaded (0ms)
			ExecutionOrderSort2 (0ms)
			AwakeInstancesAfterBackupRestoration (0ms)
Platform modules already initialized, skipping
Registering precompiled user dll's ...
Registered in 0.004369 seconds.
Begin MonoManager ReloadAssembly
Native extension for WindowsStandalone target not found
Refreshing native plugins compatible for Editor in 0.44 ms, found 2 plugins.
Preloading 0 native plugins for Editor in 0.00 ms.
Mono: successfully reloaded assembly
- Completed reload, in  1.285 seconds
Domain Reload Profiling:
	ReloadAssembly (1286ms)
		BeginReloadAssembly (216ms)
			ExecutionOrderSort (0ms)
			DisableScriptedObjects (7ms)
			BackupInstance (0ms)
			ReleaseScriptingObjects (0ms)
			CreateAndSetChildDomain (27ms)
		EndReloadAssembly (875ms)
			LoadAssemblies (136ms)
			RebuildTransferFunctionScriptingTraits (0ms)
			SetupTypeCache (291ms)
			ReleaseScriptCaches (0ms)
			RebuildScriptCaches (53ms)
			SetupLoadedEditorAssemblies (390ms)
				LogAssemblyErrors (0ms)
				InitializePlatformSupportModulesInManaged (7ms)
				SetLoadedEditorAssemblies (1ms)
				RefreshPlugins (1ms)
				BeforeProcessingInitializeOnLoad (72ms)
				ProcessInitializeOnLoadAttributes (269ms)
				ProcessInitializeOnLoadMethodAttributes (31ms)
				AfterProcessingInitializeOnLoad (10ms)
				EditorAssembliesLoaded (0ms)
			ExecutionOrderSort2 (0ms)
			AwakeInstancesAfterBackupRestoration (7ms)
Platform modules already initialized, skipping
========================================================================
Worker process is ready to serve import requests
Launched and connected shader compiler UnityShaderCompiler.exe after 0.06 seconds
Refreshing native plugins compatible for Editor in 0.54 ms, found 2 plugins.
Preloading 0 native plugins for Editor in 0.00 ms.
Unloading 2092 Unused Serialized files (Serialized files now loaded: 0)
Unloading 20 unused Assets / (101.8 KB). Loaded Objects now: 2561.
Memory consumption went from 91.4 MB to 91.3 MB.
Total: 3.254400 ms (FindLiveObjects: 0.179900 ms CreateObjectMapping: 0.114700 ms MarkObjects: 2.797800 ms  DeleteObjects: 0.161000 ms)

AssetImportParameters requested are different than current active one (requested -> active):
  custom:video-decoder-ogg-theora: a1e56fd34408186e4bbccfd4996cb3dc -> 
  custom:container-muxer-webm: aa71ff27fc2769a1b78a27578f13a17b -> 
  custom:container-demuxer-webm: 4f35f7cbe854078d1ac9338744f61a02 -> 
  custom:video-encoder-webm-vp8: eb34c28f22e8b96e1ab97ce403110664 -> 
  custom:video-codec-MediaFoundation-h265: 746d11721c4dcdbdad8f713fa42b33f4 -> 
  custom:audio-encoder-webm-vorbis: bf7c407c2cedff20999df2af8eb42d56 -> 
  custom:framework-win-MediaFoundation: 216162199b28c13a410421893ffa2e32 -> 
  custom:container-demuxer-ogg: 62fdf1f143b41e24485cea50d1cbac27 -> 
  custom:video-decoder-webm-vp8: 9c59270c3fd7afecdb556c50c9e8de78 -> 
  custom:audio-decoder-ogg-vorbis: bf7c407c2cedff20999df2af8eb42d56 -> 
========================================================================
Received Import Request.
  Time since last request: 3271.267467 seconds.
  path: Assets/Prefab/White Pieces/Rook.prefab
  artifactKey: Guid(37c1e630f7d3abc43b8936fc6c361470) Importer(815301076,1909f56bfc062723c751e8b465ee728b)
Start importing Assets/Prefab/White Pieces/Rook.prefab using Guid(37c1e630f7d3abc43b8936fc6c361470) Importer(815301076,1909f56bfc062723c751e8b465ee728b)  -> (artifact id: 'b5b0a67c6818bb865816f60662e77270') in 0.111375 seconds 
========================================================================
Received Import Request.
  Time since last request: 11.335719 seconds.
  path: Assets/Prefab/Models/Rook.obj
  artifactKey: Guid(211fe9dc75fa9fb4180ae8335890359a) Importer(815301076,1909f56bfc062723c751e8b465ee728b)
Start importing Assets/Prefab/Models/Rook.obj using Guid(211fe9dc75fa9fb4180ae8335890359a) Importer(815301076,1909f56bfc062723c751e8b465ee728b)  -> (artifact id: '680cd5e0fa2178430ad88de8bf4e4d9b') in 0.081342 seconds 
========================================================================
Received Import Request.
  Time since last request: 5.627074 seconds.
  path: Assets/Prefab/Models/Rook.obj
  artifactKey: Guid(211fe9dc75fa9fb4180ae8335890359a) Importer(815301076,1909f56bfc062723c751e8b465ee728b)
Start importing Assets/Prefab/Models/Rook.obj using Guid(211fe9dc75fa9fb4180ae8335890359a) Importer(815301076,1909f56bfc062723c751e8b465ee728b)  -> (artifact id: 'c512d1363dc08312e4609543a44b8aee') in 0.048863 seconds 
========================================================================
Received Prepare
Registering precompiled user dll's ...
Registered in 0.004223 seconds.
Begin MonoManager ReloadAssembly
Native extension for WindowsStandalone target not found
Refreshing native plugins compatible for Editor in 0.48 ms, found 2 plugins.
Preloading 0 native plugins for Editor in 0.00 ms.
Mono: successfully reloaded assembly
- Completed reload, in  1.375 seconds
Domain Reload Profiling:
	ReloadAssembly (1376ms)
		BeginReloadAssembly (167ms)
			ExecutionOrderSort (0ms)
			DisableScriptedObjects (5ms)
			BackupInstance (0ms)
			ReleaseScriptingObjects (0ms)
			CreateAndSetChildDomain (37ms)
		EndReloadAssembly (1077ms)
			LoadAssemblies (107ms)
			RebuildTransferFunctionScriptingTraits (0ms)
			SetupTypeCache (265ms)
			ReleaseScriptCaches (1ms)
			RebuildScriptCaches (51ms)
			SetupLoadedEditorAssemblies (570ms)
				LogAssemblyErrors (0ms)
				InitializePlatformSupportModulesInManaged (23ms)
				SetLoadedEditorAssemblies (1ms)
				RefreshPlugins (1ms)
				BeforeProcessingInitializeOnLoad (82ms)
				ProcessInitializeOnLoadAttributes (394ms)
				ProcessInitializeOnLoadMethodAttributes (51ms)
				AfterProcessingInitializeOnLoad (19ms)
				EditorAssembliesLoaded (0ms)
			ExecutionOrderSort2 (0ms)
			AwakeInstancesAfterBackupRestoration (12ms)
Platform modules already initialized, skipping
Refreshing native plugins compatible for Editor in 2.23 ms, found 2 plugins.
Preloading 0 native plugins for Editor in 0.00 ms.
Unloading 2054 Unused Serialized files (Serialized files now loaded: 0)
Unloading 13 unused Assets / (85.7 KB). Loaded Objects now: 2608.
Memory consumption went from 92.2 MB to 92.1 MB.
Total: 4.579700 ms (FindLiveObjects: 0.208600 ms CreateObjectMapping: 0.156800 ms MarkObjects: 3.992500 ms  DeleteObjects: 0.219800 ms)

AssetImportParameters requested are different than current active one (requested -> active):
  custom:video-decoder-ogg-theora: a1e56fd34408186e4bbccfd4996cb3dc -> 
  custom:container-muxer-webm: aa71ff27fc2769a1b78a27578f13a17b -> 
  custom:container-demuxer-webm: 4f35f7cbe854078d1ac9338744f61a02 -> 
  custom:video-encoder-webm-vp8: eb34c28f22e8b96e1ab97ce403110664 -> 
  custom:video-codec-MediaFoundation-h265: 746d11721c4dcdbdad8f713fa42b33f4 -> 
  custom:audio-encoder-webm-vorbis: bf7c407c2cedff20999df2af8eb42d56 -> 
  custom:framework-win-MediaFoundation: 216162199b28c13a410421893ffa2e32 -> 
  custom:container-demuxer-ogg: 62fdf1f143b41e24485cea50d1cbac27 -> 
  custom:video-decoder-webm-vp8: 9c59270c3fd7afecdb556c50c9e8de78 -> 
  custom:audio-decoder-ogg-vorbis: bf7c407c2cedff20999df2af8eb42d56 -> 
========================================================================
Received Import Request.
  Time since last request: 129.145672 seconds.
  path: Assets/Prefab/Black Pieces/Bishop.prefab
  artifactKey: Guid(5fae710dff681de4cb9c33e423a487b0) Importer(815301076,1909f56bfc062723c751e8b465ee728b)
Start importing Assets/Prefab/Black Pieces/Bishop.prefab using Guid(5fae710dff681de4cb9c33e423a487b0) Importer(815301076,1909f56bfc062723c751e8b465ee728b)  -> (artifact id: '8a732a422b17f1ad4406a610ddb71bf6') in 0.093422 seconds 
========================================================================
Received Import Request.
  Time since last request: 0.000023 seconds.
  path: Assets/Prefab/Black Pieces/Pawn.prefab
  artifactKey: Guid(3e6bef2826d28b7439df59a5009b0c98) Importer(815301076,1909f56bfc062723c751e8b465ee728b)
Start importing Assets/Prefab/Black Pieces/Pawn.prefab using Guid(3e6bef2826d28b7439df59a5009b0c98) Importer(815301076,1909f56bfc062723c751e8b465ee728b)  -> (artifact id: 'c6da8abd1f4764c0e8b42f666f15237e') in 0.021558 seconds 
========================================================================
Received Import Request.
  Time since last request: 0.000030 seconds.
  path: Assets/Prefab/Black Pieces/Rook.prefab
  artifactKey: Guid(26619c3a95404414bbcef219f036bf70) Importer(815301076,1909f56bfc062723c751e8b465ee728b)
Start importing Assets/Prefab/Black Pieces/Rook.prefab using Guid(26619c3a95404414bbcef219f036bf70) Importer(815301076,1909f56bfc062723c751e8b465ee728b)  -> (artifact id: '6371e7ae61604a7bd0c6ddaf68569b17') in 0.024521 seconds 
========================================================================
Received Import Request.
  Time since last request: 3.787805 seconds.
  path: Assets/Prefab/White Pieces/Rook.prefab
  artifactKey: Guid(37c1e630f7d3abc43b8936fc6c361470) Importer(815301076,1909f56bfc062723c751e8b465ee728b)
Start importing Assets/Prefab/White Pieces/Rook.prefab using Guid(37c1e630f7d3abc43b8936fc6c361470) Importer(815301076,1909f56bfc062723c751e8b465ee728b)  -> (artifact id: 'cc1a4029158bf7afe33ba9177daee14f') in 0.015249 seconds 
========================================================================
Received Import Request.
  Time since last request: 16.363091 seconds.
  path: Assets/Prefab/White Pieces/Rook.prefab
  artifactKey: Guid(37c1e630f7d3abc43b8936fc6c361470) Importer(815301076,1909f56bfc062723c751e8b465ee728b)
Start importing Assets/Prefab/White Pieces/Rook.prefab using Guid(37c1e630f7d3abc43b8936fc6c361470) Importer(815301076,1909f56bfc062723c751e8b465ee728b)  -> (artifact id: 'a161c5283d45408d5cc6932e58db4700') in 0.016013 seconds 
========================================================================
Received Import Request.
  Time since last request: 1.967502 seconds.
  path: Assets/Prefab/White Pieces/Rook.prefab
  artifactKey: Guid(37c1e630f7d3abc43b8936fc6c361470) Importer(815301076,1909f56bfc062723c751e8b465ee728b)
Start importing Assets/Prefab/White Pieces/Rook.prefab using Guid(37c1e630f7d3abc43b8936fc6c361470) Importer(815301076,1909f56bfc062723c751e8b465ee728b)  -> (artifact id: 'da5081958bdbb0f743310c430c5100d7') in 0.053532 seconds 
========================================================================
Received Import Request.
  Time since last request: 6.763693 seconds.
  path: Assets/Prefab/White Pieces/Rook.prefab
  artifactKey: Guid(37c1e630f7d3abc43b8936fc6c361470) Importer(815301076,1909f56bfc062723c751e8b465ee728b)
Start importing Assets/Prefab/White Pieces/Rook.prefab using Guid(37c1e630f7d3abc43b8936fc6c361470) Importer(815301076,1909f56bfc062723c751e8b465ee728b)  -> (artifact id: '49c5d85cf9ea56c2fdea7a01fad90f88') in 0.014892 seconds 
========================================================================
Received Import Request.
  Time since last request: 2.994076 seconds.
  path: Assets/Prefab/White Pieces/Rook.prefab
  artifactKey: Guid(37c1e630f7d3abc43b8936fc6c361470) Importer(815301076,1909f56bfc062723c751e8b465ee728b)
Start importing Assets/Prefab/White Pieces/Rook.prefab using Guid(37c1e630f7d3abc43b8936fc6c361470) Importer(815301076,1909f56bfc062723c751e8b465ee728b)  -> (artifact id: 'da97a484a1711ebc65b6cbddc8f77c08') in 0.018992 seconds 
========================================================================
Received Import Request.
  Time since last request: 6.242173 seconds.
  path: Assets/Prefab/White Pieces/Rook.prefab
  artifactKey: Guid(37c1e630f7d3abc43b8936fc6c361470) Importer(815301076,1909f56bfc062723c751e8b465ee728b)
Start importing Assets/Prefab/White Pieces/Rook.prefab using Guid(37c1e630f7d3abc43b8936fc6c361470) Importer(815301076,1909f56bfc062723c751e8b465ee728b)  -> (artifact id: 'f1432a05629c730ac4982866924439d0') in 0.015454 seconds 
========================================================================
Received Prepare
Registering precompiled user dll's ...
Registered in 0.005520 seconds.
Begin MonoManager ReloadAssembly
Native extension for WindowsStandalone target not found
Refreshing native plugins compatible for Editor in 0.55 ms, found 2 plugins.
Preloading 0 native plugins for Editor in 0.00 ms.
Mono: successfully reloaded assembly
- Completed reload, in  1.715 seconds
Domain Reload Profiling:
	ReloadAssembly (1716ms)
		BeginReloadAssembly (190ms)
			ExecutionOrderSort (0ms)
			DisableScriptedObjects (9ms)
			BackupInstance (0ms)
			ReleaseScriptingObjects (0ms)
			CreateAndSetChildDomain (43ms)
		EndReloadAssembly (1382ms)
			LoadAssemblies (116ms)
			RebuildTransferFunctionScriptingTraits (0ms)
			SetupTypeCache (329ms)
			ReleaseScriptCaches (2ms)
			RebuildScriptCaches (77ms)
			SetupLoadedEditorAssemblies (731ms)
				LogAssemblyErrors (0ms)
				InitializePlatformSupportModulesInManaged (21ms)
				SetLoadedEditorAssemblies (1ms)
				RefreshPlugins (1ms)
				BeforeProcessingInitializeOnLoad (109ms)
				ProcessInitializeOnLoadAttributes (513ms)
				ProcessInitializeOnLoadMethodAttributes (66ms)
				AfterProcessingInitializeOnLoad (20ms)
				EditorAssembliesLoaded (0ms)
			ExecutionOrderSort2 (0ms)
			AwakeInstancesAfterBackupRestoration (17ms)
Platform modules already initialized, skipping
Refreshing native plugins compatible for Editor in 2.64 ms, found 2 plugins.
Preloading 0 native plugins for Editor in 0.00 ms.
Unloading 2054 Unused Serialized files (Serialized files now loaded: 0)
Unloading 13 unused Assets / (78.0 KB). Loaded Objects now: 2612.
Memory consumption went from 92.3 MB to 92.2 MB.
Total: 5.483700 ms (FindLiveObjects: 0.307700 ms CreateObjectMapping: 0.422400 ms MarkObjects: 4.640600 ms  DeleteObjects: 0.111700 ms)

AssetImportParameters requested are different than current active one (requested -> active):
  custom:video-decoder-ogg-theora: a1e56fd34408186e4bbccfd4996cb3dc -> 
  custom:container-muxer-webm: aa71ff27fc2769a1b78a27578f13a17b -> 
  custom:container-demuxer-webm: 4f35f7cbe854078d1ac9338744f61a02 -> 
  custom:video-encoder-webm-vp8: eb34c28f22e8b96e1ab97ce403110664 -> 
  custom:video-codec-MediaFoundation-h265: 746d11721c4dcdbdad8f713fa42b33f4 -> 
  custom:audio-encoder-webm-vorbis: bf7c407c2cedff20999df2af8eb42d56 -> 
  custom:framework-win-MediaFoundation: 216162199b28c13a410421893ffa2e32 -> 
  custom:container-demuxer-ogg: 62fdf1f143b41e24485cea50d1cbac27 -> 
  custom:video-decoder-webm-vp8: 9c59270c3fd7afecdb556c50c9e8de78 -> 
  custom:audio-decoder-ogg-vorbis: bf7c407c2cedff20999df2af8eb42d56 -> 
========================================================================
Received Import Request.
  Time since last request: 25.136112 seconds.
  path: Assets/Prefab/White Pieces/Rook.prefab
  artifactKey: Guid(37c1e630f7d3abc43b8936fc6c361470) Importer(815301076,1909f56bfc062723c751e8b465ee728b)
Start importing Assets/Prefab/White Pieces/Rook.prefab using Guid(37c1e630f7d3abc43b8936fc6c361470) Importer(815301076,1909f56bfc062723c751e8b465ee728b)  -> (artifact id: '41228f750d48de474489bf1d03936bc9') in 0.077690 seconds 
========================================================================
Received Import Request.
  Time since last request: 4.901013 seconds.
  path: Assets/Prefab/White Pieces/Rook.prefab
  artifactKey: Guid(37c1e630f7d3abc43b8936fc6c361470) Importer(815301076,1909f56bfc062723c751e8b465ee728b)
Start importing Assets/Prefab/White Pieces/Rook.prefab using Guid(37c1e630f7d3abc43b8936fc6c361470) Importer(815301076,1909f56bfc062723c751e8b465ee728b)  -> (artifact id: '2bdd8455d56c71cd76a396b64e47846f') in 0.010255 seconds 
========================================================================
Received Prepare
Registering precompiled user dll's ...
Registered in 0.003783 seconds.
Begin MonoManager ReloadAssembly
Native extension for WindowsStandalone target not found
Refreshing native plugins compatible for Editor in 0.56 ms, found 2 plugins.
Preloading 0 native plugins for Editor in 0.00 ms.
Mono: successfully reloaded assembly
- Completed reload, in  1.420 seconds
Domain Reload Profiling:
	ReloadAssembly (1421ms)
		BeginReloadAssembly (190ms)
			ExecutionOrderSort (0ms)
			DisableScriptedObjects (9ms)
			BackupInstance (0ms)
			ReleaseScriptingObjects (0ms)
			CreateAndSetChildDomain (44ms)
		EndReloadAssembly (1088ms)
			LoadAssemblies (110ms)
			RebuildTransferFunctionScriptingTraits (0ms)
			SetupTypeCache (269ms)
			ReleaseScriptCaches (1ms)
			RebuildScriptCaches (67ms)
			SetupLoadedEditorAssemblies (574ms)
				LogAssemblyErrors (0ms)
				InitializePlatformSupportModulesInManaged (20ms)
				SetLoadedEditorAssemblies (1ms)
				RefreshPlugins (1ms)
				BeforeProcessingInitializeOnLoad (88ms)
				ProcessInitializeOnLoadAttributes (397ms)
				ProcessInitializeOnLoadMethodAttributes (52ms)
				AfterProcessingInitializeOnLoad (15ms)
				EditorAssembliesLoaded (0ms)
			ExecutionOrderSort2 (0ms)
			AwakeInstancesAfterBackupRestoration (12ms)
Platform modules already initialized, skipping
Refreshing native plugins compatible for Editor in 2.48 ms, found 2 plugins.
Preloading 0 native plugins for Editor in 0.00 ms.
Unloading 2054 Unused Serialized files (Serialized files now loaded: 0)
Unloading 13 unused Assets / (85.7 KB). Loaded Objects now: 2615.
Memory consumption went from 92.4 MB to 92.3 MB.
Total: 4.270800 ms (FindLiveObjects: 0.395600 ms CreateObjectMapping: 0.151600 ms MarkObjects: 3.562500 ms  DeleteObjects: 0.159300 ms)

AssetImportParameters requested are different than current active one (requested -> active):
  custom:video-decoder-ogg-theora: a1e56fd34408186e4bbccfd4996cb3dc -> 
  custom:container-muxer-webm: aa71ff27fc2769a1b78a27578f13a17b -> 
  custom:container-demuxer-webm: 4f35f7cbe854078d1ac9338744f61a02 -> 
  custom:video-encoder-webm-vp8: eb34c28f22e8b96e1ab97ce403110664 -> 
  custom:video-codec-MediaFoundation-h265: 746d11721c4dcdbdad8f713fa42b33f4 -> 
  custom:audio-encoder-webm-vorbis: bf7c407c2cedff20999df2af8eb42d56 -> 
  custom:framework-win-MediaFoundation: 216162199b28c13a410421893ffa2e32 -> 
  custom:container-demuxer-ogg: 62fdf1f143b41e24485cea50d1cbac27 -> 
  custom:video-decoder-webm-vp8: 9c59270c3fd7afecdb556c50c9e8de78 -> 
  custom:audio-decoder-ogg-vorbis: bf7c407c2cedff20999df2af8eb42d56 -> 
========================================================================
Received Import Request.
  Time since last request: 15.411119 seconds.
  path: Assets/Prefab/White Pieces/Rook.prefab
  artifactKey: Guid(37c1e630f7d3abc43b8936fc6c361470) Importer(815301076,1909f56bfc062723c751e8b465ee728b)
Start importing Assets/Prefab/White Pieces/Rook.prefab using Guid(37c1e630f7d3abc43b8936fc6c361470) Importer(815301076,1909f56bfc062723c751e8b465ee728b)  -> (artifact id: 'c0a6118ad18cce96ecc18be8ffbe7358') in 0.075277 seconds 
========================================================================
Received Prepare
Registering precompiled user dll's ...
Registered in 0.004569 seconds.
Begin MonoManager ReloadAssembly
Native extension for WindowsStandalone target not found
Refreshing native plugins compatible for Editor in 1.70 ms, found 2 plugins.
Preloading 0 native plugins for Editor in 0.00 ms.
Mono: successfully reloaded assembly
- Completed reload, in  1.487 seconds
Domain Reload Profiling:
	ReloadAssembly (1488ms)
		BeginReloadAssembly (202ms)
			ExecutionOrderSort (0ms)
			DisableScriptedObjects (8ms)
			BackupInstance (0ms)
			ReleaseScriptingObjects (0ms)
			CreateAndSetChildDomain (47ms)
		EndReloadAssembly (1103ms)
			LoadAssemblies (128ms)
			RebuildTransferFunctionScriptingTraits (0ms)
			SetupTypeCache (310ms)
			ReleaseScriptCaches (1ms)
			RebuildScriptCaches (52ms)
			SetupLoadedEditorAssemblies (556ms)
				LogAssemblyErrors (0ms)
				InitializePlatformSupportModulesInManaged (20ms)
				SetLoadedEditorAssemblies (1ms)
				RefreshPlugins (2ms)
				BeforeProcessingInitializeOnLoad (88ms)
				ProcessInitializeOnLoadAttributes (373ms)
				ProcessInitializeOnLoadMethodAttributes (56ms)
				AfterProcessingInitializeOnLoad (15ms)
				EditorAssembliesLoaded (0ms)
			ExecutionOrderSort2 (0ms)
			AwakeInstancesAfterBackupRestoration (11ms)
Platform modules already initialized, skipping
Refreshing native plugins compatible for Editor in 2.51 ms, found 2 plugins.
Preloading 0 native plugins for Editor in 0.00 ms.
Unloading 2054 Unused Serialized files (Serialized files now loaded: 0)
Unloading 13 unused Assets / (62.9 KB). Loaded Objects now: 2618.
Memory consumption went from 92.4 MB to 92.3 MB.
Total: 5.503200 ms (FindLiveObjects: 0.224700 ms CreateObjectMapping: 0.145100 ms MarkObjects: 5.005100 ms  DeleteObjects: 0.126900 ms)

AssetImportParameters requested are different than current active one (requested -> active):
  custom:video-decoder-ogg-theora: a1e56fd34408186e4bbccfd4996cb3dc -> 
  custom:container-muxer-webm: aa71ff27fc2769a1b78a27578f13a17b -> 
  custom:container-demuxer-webm: 4f35f7cbe854078d1ac9338744f61a02 -> 
  custom:video-encoder-webm-vp8: eb34c28f22e8b96e1ab97ce403110664 -> 
  custom:video-codec-MediaFoundation-h265: 746d11721c4dcdbdad8f713fa42b33f4 -> 
  custom:audio-encoder-webm-vorbis: bf7c407c2cedff20999df2af8eb42d56 -> 
  custom:framework-win-MediaFoundation: 216162199b28c13a410421893ffa2e32 -> 
  custom:container-demuxer-ogg: 62fdf1f143b41e24485cea50d1cbac27 -> 
  custom:video-decoder-webm-vp8: 9c59270c3fd7afecdb556c50c9e8de78 -> 
  custom:audio-decoder-ogg-vorbis: bf7c407c2cedff20999df2af8eb42d56 -> 
========================================================================
Received Prepare
Registering precompiled user dll's ...
Registered in 0.003837 seconds.
Begin MonoManager ReloadAssembly
Native extension for WindowsStandalone target not found
Refreshing native plugins compatible for Editor in 0.51 ms, found 2 plugins.
Preloading 0 native plugins for Editor in 0.00 ms.
Mono: successfully reloaded assembly
- Completed reload, in  1.403 seconds
Domain Reload Profiling:
	ReloadAssembly (1404ms)
		BeginReloadAssembly (175ms)
			ExecutionOrderSort (0ms)
			DisableScriptedObjects (7ms)
			BackupInstance (0ms)
			ReleaseScriptingObjects (0ms)
			CreateAndSetChildDomain (39ms)
		EndReloadAssembly (1079ms)
			LoadAssemblies (109ms)
			RebuildTransferFunctionScriptingTraits (0ms)
			SetupTypeCache (289ms)
			ReleaseScriptCaches (1ms)
			RebuildScriptCaches (52ms)
			SetupLoadedEditorAssemblies (553ms)
				LogAssemblyErrors (0ms)
				InitializePlatformSupportModulesInManaged (18ms)
				SetLoadedEditorAssemblies (1ms)
				RefreshPlugins (1ms)
				BeforeProcessingInitializeOnLoad (83ms)
				ProcessInitializeOnLoadAttributes (381ms)
				ProcessInitializeOnLoadMethodAttributes (53ms)
				AfterProcessingInitializeOnLoad (16ms)
				EditorAssembliesLoaded (0ms)
			ExecutionOrderSort2 (0ms)
			AwakeInstancesAfterBackupRestoration (11ms)
Platform modules already initialized, skipping
Refreshing native plugins compatible for Editor in 2.26 ms, found 2 plugins.
Preloading 0 native plugins for Editor in 0.00 ms.
Unloading 2054 Unused Serialized files (Serialized files now loaded: 0)
Unloading 13 unused Assets / (70.4 KB). Loaded Objects now: 2621.
Memory consumption went from 92.4 MB to 92.3 MB.
Total: 3.687600 ms (FindLiveObjects: 0.202800 ms CreateObjectMapping: 0.124300 ms MarkObjects: 3.247000 ms  DeleteObjects: 0.112400 ms)

AssetImportParameters requested are different than current active one (requested -> active):
  custom:video-decoder-ogg-theora: a1e56fd34408186e4bbccfd4996cb3dc -> 
  custom:container-muxer-webm: aa71ff27fc2769a1b78a27578f13a17b -> 
  custom:container-demuxer-webm: 4f35f7cbe854078d1ac9338744f61a02 -> 
  custom:video-encoder-webm-vp8: eb34c28f22e8b96e1ab97ce403110664 -> 
  custom:video-codec-MediaFoundation-h265: 746d11721c4dcdbdad8f713fa42b33f4 -> 
  custom:audio-encoder-webm-vorbis: bf7c407c2cedff20999df2af8eb42d56 -> 
  custom:framework-win-MediaFoundation: 216162199b28c13a410421893ffa2e32 -> 
  custom:container-demuxer-ogg: 62fdf1f143b41e24485cea50d1cbac27 -> 
  custom:video-decoder-webm-vp8: 9c59270c3fd7afecdb556c50c9e8de78 -> 
  custom:audio-decoder-ogg-vorbis: bf7c407c2cedff20999df2af8eb42d56 -> 
========================================================================
Received Import Request.
  Time since last request: 41.150727 seconds.
  path: Assets/Prefab/White Pieces/Rook.prefab
  artifactKey: Guid(37c1e630f7d3abc43b8936fc6c361470) Importer(815301076,1909f56bfc062723c751e8b465ee728b)
Start importing Assets/Prefab/White Pieces/Rook.prefab using Guid(37c1e630f7d3abc43b8936fc6c361470) Importer(815301076,1909f56bfc062723c751e8b465ee728b)  -> (artifact id: 'c3295e6ae82738eec8cede8516d4e4ec') in 0.106839 seconds 
========================================================================
Received Import Request.
  Time since last request: 4.628611 seconds.
  path: Assets/Prefab/White Pieces/Rook.prefab
  artifactKey: Guid(37c1e630f7d3abc43b8936fc6c361470) Importer(815301076,1909f56bfc062723c751e8b465ee728b)
Start importing Assets/Prefab/White Pieces/Rook.prefab using Guid(37c1e630f7d3abc43b8936fc6c361470) Importer(815301076,1909f56bfc062723c751e8b465ee728b)  -> (artifact id: '8ac5c8f199f716bb73c08b1e5ce982f5') in 0.014348 seconds 
========================================================================
Received Import Request.
  Time since last request: 5.913369 seconds.
  path: Assets/Prefab/White Pieces/Rook.prefab
  artifactKey: Guid(37c1e630f7d3abc43b8936fc6c361470) Importer(815301076,1909f56bfc062723c751e8b465ee728b)
Start importing Assets/Prefab/White Pieces/Rook.prefab using Guid(37c1e630f7d3abc43b8936fc6c361470) Importer(815301076,1909f56bfc062723c751e8b465ee728b)  -> (artifact id: '79cd2c9bd775bc96a0c398232456b666') in 0.010745 seconds 
========================================================================
Received Prepare
Registering precompiled user dll's ...
Registered in 0.003865 seconds.
Begin MonoManager ReloadAssembly
Native extension for WindowsStandalone target not found
Refreshing native plugins compatible for Editor in 0.69 ms, found 2 plugins.
Preloading 0 native plugins for Editor in 0.00 ms.
Mono: successfully reloaded assembly
- Completed reload, in  1.655 seconds
Domain Reload Profiling:
	ReloadAssembly (1656ms)
		BeginReloadAssembly (188ms)
			ExecutionOrderSort (0ms)
			DisableScriptedObjects (6ms)
			BackupInstance (0ms)
			ReleaseScriptingObjects (0ms)
			CreateAndSetChildDomain (50ms)
		EndReloadAssembly (1287ms)
			LoadAssemblies (125ms)
			RebuildTransferFunctionScriptingTraits (0ms)
			SetupTypeCache (349ms)
			ReleaseScriptCaches (2ms)
			RebuildScriptCaches (68ms)
			SetupLoadedEditorAssemblies (648ms)
				LogAssemblyErrors (0ms)
				InitializePlatformSupportModulesInManaged (19ms)
				SetLoadedEditorAssemblies (1ms)
				RefreshPlugins (1ms)
				BeforeProcessingInitializeOnLoad (99ms)
				ProcessInitializeOnLoadAttributes (461ms)
				ProcessInitializeOnLoadMethodAttributes (51ms)
				AfterProcessingInitializeOnLoad (16ms)
				EditorAssembliesLoaded (0ms)
			ExecutionOrderSort2 (0ms)
			AwakeInstancesAfterBackupRestoration (10ms)
Platform modules already initialized, skipping
Refreshing native plugins compatible for Editor in 3.30 ms, found 2 plugins.
Preloading 0 native plugins for Editor in 0.00 ms.
Unloading 2054 Unused Serialized files (Serialized files now loaded: 0)
Unloading 13 unused Assets / (70.5 KB). Loaded Objects now: 2624.
Memory consumption went from 92.4 MB to 92.3 MB.
Total: 4.063900 ms (FindLiveObjects: 0.236400 ms CreateObjectMapping: 0.125700 ms MarkObjects: 3.371400 ms  DeleteObjects: 0.329200 ms)

AssetImportParameters requested are different than current active one (requested -> active):
  custom:video-decoder-ogg-theora: a1e56fd34408186e4bbccfd4996cb3dc -> 
  custom:container-muxer-webm: aa71ff27fc2769a1b78a27578f13a17b -> 
  custom:container-demuxer-webm: 4f35f7cbe854078d1ac9338744f61a02 -> 
  custom:video-encoder-webm-vp8: eb34c28f22e8b96e1ab97ce403110664 -> 
  custom:video-codec-MediaFoundation-h265: 746d11721c4dcdbdad8f713fa42b33f4 -> 
  custom:audio-encoder-webm-vorbis: bf7c407c2cedff20999df2af8eb42d56 -> 
  custom:framework-win-MediaFoundation: 216162199b28c13a410421893ffa2e32 -> 
  custom:container-demuxer-ogg: 62fdf1f143b41e24485cea50d1cbac27 -> 
  custom:video-decoder-webm-vp8: 9c59270c3fd7afecdb556c50c9e8de78 -> 
  custom:audio-decoder-ogg-vorbis: bf7c407c2cedff20999df2af8eb42d56 -> 
========================================================================
Received Import Request.
  Time since last request: 24.303109 seconds.
  path: Assets/Prefab/White Pieces/Rook.prefab
  artifactKey: Guid(37c1e630f7d3abc43b8936fc6c361470) Importer(815301076,1909f56bfc062723c751e8b465ee728b)
Start importing Assets/Prefab/White Pieces/Rook.prefab using Guid(37c1e630f7d3abc43b8936fc6c361470) Importer(815301076,1909f56bfc062723c751e8b465ee728b)  -> (artifact id: 'aee4d320f5cb6bc67dab575b3cd331a6') in 0.086917 seconds 
========================================================================
Received Prepare
Registering precompiled user dll's ...
Registered in 0.004065 seconds.
Begin MonoManager ReloadAssembly
Native extension for WindowsStandalone target not found
Refreshing native plugins compatible for Editor in 0.65 ms, found 2 plugins.
Preloading 0 native plugins for Editor in 0.00 ms.
Mono: successfully reloaded assembly
- Completed reload, in  1.394 seconds
Domain Reload Profiling:
	ReloadAssembly (1395ms)
		BeginReloadAssembly (184ms)
			ExecutionOrderSort (0ms)
			DisableScriptedObjects (7ms)
			BackupInstance (0ms)
			ReleaseScriptingObjects (0ms)
			CreateAndSetChildDomain (41ms)
		EndReloadAssembly (1067ms)
			LoadAssemblies (110ms)
			RebuildTransferFunctionScriptingTraits (0ms)
			SetupTypeCache (256ms)
			ReleaseScriptCaches (2ms)
			RebuildScriptCaches (58ms)
			SetupLoadedEditorAssemblies (582ms)
				LogAssemblyErrors (0ms)
				InitializePlatformSupportModulesInManaged (17ms)
				SetLoadedEditorAssemblies (1ms)
				RefreshPlugins (1ms)
				BeforeProcessingInitializeOnLoad (85ms)
				ProcessInitializeOnLoadAttributes (414ms)
				ProcessInitializeOnLoadMethodAttributes (50ms)
				AfterProcessingInitializeOnLoad (14ms)
				EditorAssembliesLoaded (0ms)
			ExecutionOrderSort2 (0ms)
			AwakeInstancesAfterBackupRestoration (11ms)
Platform modules already initialized, skipping
Refreshing native plugins compatible for Editor in 3.14 ms, found 2 plugins.
Preloading 0 native plugins for Editor in 0.00 ms.
Unloading 2054 Unused Serialized files (Serialized files now loaded: 0)
Unloading 13 unused Assets / (62.9 KB). Loaded Objects now: 2627.
Memory consumption went from 92.3 MB to 92.2 MB.
Total: 4.233300 ms (FindLiveObjects: 0.209000 ms CreateObjectMapping: 0.132700 ms MarkObjects: 3.742200 ms  DeleteObjects: 0.147800 ms)

AssetImportParameters requested are different than current active one (requested -> active):
  custom:video-decoder-ogg-theora: a1e56fd34408186e4bbccfd4996cb3dc -> 
  custom:container-muxer-webm: aa71ff27fc2769a1b78a27578f13a17b -> 
  custom:container-demuxer-webm: 4f35f7cbe854078d1ac9338744f61a02 -> 
  custom:video-encoder-webm-vp8: eb34c28f22e8b96e1ab97ce403110664 -> 
  custom:video-codec-MediaFoundation-h265: 746d11721c4dcdbdad8f713fa42b33f4 -> 
  custom:audio-encoder-webm-vorbis: bf7c407c2cedff20999df2af8eb42d56 -> 
  custom:framework-win-MediaFoundation: 216162199b28c13a410421893ffa2e32 -> 
  custom:container-demuxer-ogg: 62fdf1f143b41e24485cea50d1cbac27 -> 
  custom:video-decoder-webm-vp8: 9c59270c3fd7afecdb556c50c9e8de78 -> 
  custom:audio-decoder-ogg-vorbis: bf7c407c2cedff20999df2af8eb42d56 -> 
========================================================================
Received Import Request.
  Time since last request: 24.684729 seconds.
  path: Assets/Prefab/White Pieces/Rook.prefab
  artifactKey: Guid(37c1e630f7d3abc43b8936fc6c361470) Importer(815301076,1909f56bfc062723c751e8b465ee728b)
Start importing Assets/Prefab/White Pieces/Rook.prefab using Guid(37c1e630f7d3abc43b8936fc6c361470) Importer(815301076,1909f56bfc062723c751e8b465ee728b)  -> (artifact id: 'a07614acc2dc0f1f8fc3877c22ac9737') in 0.372564 seconds 
========================================================================
Received Import Request.
  Time since last request: 21.220188 seconds.
  path: Assets/Prefab/Black Pieces/Rook.prefab
  artifactKey: Guid(26619c3a95404414bbcef219f036bf70) Importer(815301076,1909f56bfc062723c751e8b465ee728b)
Start importing Assets/Prefab/Black Pieces/Rook.prefab using Guid(26619c3a95404414bbcef219f036bf70) Importer(815301076,1909f56bfc062723c751e8b465ee728b)  -> (artifact id: '395560b56161f9b43ccb162a22d4e2f9') in 0.015013 seconds 
========================================================================
Received Import Request.
  Time since last request: 0.530180 seconds.
  path: Assets/Prefab/White Pieces/Rook.prefab
  artifactKey: Guid(37c1e630f7d3abc43b8936fc6c361470) Importer(815301076,1909f56bfc062723c751e8b465ee728b)
Start importing Assets/Prefab/White Pieces/Rook.prefab using Guid(37c1e630f7d3abc43b8936fc6c361470) Importer(815301076,1909f56bfc062723c751e8b465ee728b)  -> (artifact id: '79b2dc2d0e86733161fb67a748e465cc') in 0.013314 seconds 
========================================================================
Received Import Request.
  Time since last request: 13.163685 seconds.
  path: Assets/Prefab/Black Pieces/Rook.prefab
  artifactKey: Guid(26619c3a95404414bbcef219f036bf70) Importer(815301076,1909f56bfc062723c751e8b465ee728b)
Start importing Assets/Prefab/Black Pieces/Rook.prefab using Guid(26619c3a95404414bbcef219f036bf70) Importer(815301076,1909f56bfc062723c751e8b465ee728b)  -> (artifact id: '3b610a6f5810c94a83cb25633252162f') in 0.012112 seconds 
========================================================================
Received Import Request.
  Time since last request: 3.463106 seconds.
  path: Assets/Prefab/Black Pieces/Rook.prefab
  artifactKey: Guid(26619c3a95404414bbcef219f036bf70) Importer(815301076,1909f56bfc062723c751e8b465ee728b)
Start importing Assets/Prefab/Black Pieces/Rook.prefab using Guid(26619c3a95404414bbcef219f036bf70) Importer(815301076,1909f56bfc062723c751e8b465ee728b)  -> (artifact id: 'cb551d2a97231c4173e9592eca2268dd') in 0.018181 seconds 
========================================================================
Received Import Request.
  Time since last request: 1.063602 seconds.
  path: Assets/Prefab/Black Pieces/Rook.prefab
  artifactKey: Guid(26619c3a95404414bbcef219f036bf70) Importer(815301076,1909f56bfc062723c751e8b465ee728b)
Start importing Assets/Prefab/Black Pieces/Rook.prefab using Guid(26619c3a95404414bbcef219f036bf70) Importer(815301076,1909f56bfc062723c751e8b465ee728b)  -> (artifact id: '26648fae7402addf7cf3854f6d07078b') in 0.017021 seconds 
========================================================================
Received Prepare
Registering precompiled user dll's ...
Registered in 0.004755 seconds.
Begin MonoManager ReloadAssembly
Native extension for WindowsStandalone target not found
Refreshing native plugins compatible for Editor in 0.59 ms, found 2 plugins.
Preloading 0 native plugins for Editor in 0.00 ms.
Mono: successfully reloaded assembly
- Completed reload, in  1.414 seconds
Domain Reload Profiling:
	ReloadAssembly (1416ms)
		BeginReloadAssembly (189ms)
			ExecutionOrderSort (0ms)
			DisableScriptedObjects (15ms)
			BackupInstance (0ms)
			ReleaseScriptingObjects (0ms)
			CreateAndSetChildDomain (43ms)
		EndReloadAssembly (1093ms)
			LoadAssemblies (103ms)
			RebuildTransferFunctionScriptingTraits (0ms)
			SetupTypeCache (254ms)
			ReleaseScriptCaches (2ms)
			RebuildScriptCaches (59ms)
			SetupLoadedEditorAssemblies (596ms)
				LogAssemblyErrors (0ms)
				InitializePlatformSupportModulesInManaged (19ms)
				SetLoadedEditorAssemblies (1ms)
				RefreshPlugins (1ms)
				BeforeProcessingInitializeOnLoad (88ms)
				ProcessInitializeOnLoadAttributes (418ms)
				ProcessInitializeOnLoadMethodAttributes (54ms)
				AfterProcessingInitializeOnLoad (16ms)
				EditorAssembliesLoaded (0ms)
			ExecutionOrderSort2 (0ms)
			AwakeInstancesAfterBackupRestoration (12ms)
Platform modules already initialized, skipping
Refreshing native plugins compatible for Editor in 2.39 ms, found 2 plugins.
Preloading 0 native plugins for Editor in 0.00 ms.
Unloading 2054 Unused Serialized files (Serialized files now loaded: 0)
Unloading 13 unused Assets / (70.5 KB). Loaded Objects now: 2630.
Memory consumption went from 92.4 MB to 92.3 MB.
Total: 4.142200 ms (FindLiveObjects: 0.221700 ms CreateObjectMapping: 0.123500 ms MarkObjects: 3.652700 ms  DeleteObjects: 0.142800 ms)

AssetImportParameters requested are different than current active one (requested -> active):
  custom:video-decoder-ogg-theora: a1e56fd34408186e4bbccfd4996cb3dc -> 
  custom:container-muxer-webm: aa71ff27fc2769a1b78a27578f13a17b -> 
  custom:container-demuxer-webm: 4f35f7cbe854078d1ac9338744f61a02 -> 
  custom:video-encoder-webm-vp8: eb34c28f22e8b96e1ab97ce403110664 -> 
  custom:video-codec-MediaFoundation-h265: 746d11721c4dcdbdad8f713fa42b33f4 -> 
  custom:audio-encoder-webm-vorbis: bf7c407c2cedff20999df2af8eb42d56 -> 
  custom:framework-win-MediaFoundation: 216162199b28c13a410421893ffa2e32 -> 
  custom:container-demuxer-ogg: 62fdf1f143b41e24485cea50d1cbac27 -> 
  custom:video-decoder-webm-vp8: 9c59270c3fd7afecdb556c50c9e8de78 -> 
  custom:audio-decoder-ogg-vorbis: bf7c407c2cedff20999df2af8eb42d56 -> 
========================================================================
Received Import Request.
  Time since last request: 25.405612 seconds.
  path: Assets/Prefab/Black Pieces/Rook.prefab
  artifactKey: Guid(26619c3a95404414bbcef219f036bf70) Importer(815301076,1909f56bfc062723c751e8b465ee728b)
Start importing Assets/Prefab/Black Pieces/Rook.prefab using Guid(26619c3a95404414bbcef219f036bf70) Importer(815301076,1909f56bfc062723c751e8b465ee728b)  -> (artifact id: 'e44ef3ce00925b610386db85fd74bb10') in 0.080626 seconds 
========================================================================
Received Import Request.
  Time since last request: 11.553683 seconds.
  path: Assets/Prefab/Black Pieces/Rook.prefab
  artifactKey: Guid(26619c3a95404414bbcef219f036bf70) Importer(815301076,1909f56bfc062723c751e8b465ee728b)
Start importing Assets/Prefab/Black Pieces/Rook.prefab using Guid(26619c3a95404414bbcef219f036bf70) Importer(815301076,1909f56bfc062723c751e8b465ee728b)  -> (artifact id: '805edb5f17d9cd24281935d0276f76c7') in 0.018066 seconds 
========================================================================
Received Prepare
Registering precompiled user dll's ...
Registered in 0.004724 seconds.
Begin MonoManager ReloadAssembly
Native extension for WindowsStandalone target not found
Refreshing native plugins compatible for Editor in 0.58 ms, found 2 plugins.
Preloading 0 native plugins for Editor in 0.00 ms.
Mono: successfully reloaded assembly
- Completed reload, in  1.539 seconds
Domain Reload Profiling:
	ReloadAssembly (1540ms)
		BeginReloadAssembly (181ms)
			ExecutionOrderSort (0ms)
			DisableScriptedObjects (6ms)
			BackupInstance (0ms)
			ReleaseScriptingObjects (0ms)
			CreateAndSetChildDomain (37ms)
		EndReloadAssembly (1212ms)
			LoadAssemblies (116ms)
			RebuildTransferFunctionScriptingTraits (0ms)
			SetupTypeCache (285ms)
			ReleaseScriptCaches (1ms)
			RebuildScriptCaches (60ms)
			SetupLoadedEditorAssemblies (669ms)
				LogAssemblyErrors (0ms)
				InitializePlatformSupportModulesInManaged (19ms)
				SetLoadedEditorAssemblies (1ms)
				RefreshPlugins (1ms)
				BeforeProcessingInitializeOnLoad (99ms)
				ProcessInitializeOnLoadAttributes (457ms)
				ProcessInitializeOnLoadMethodAttributes (70ms)
				AfterProcessingInitializeOnLoad (22ms)
				EditorAssembliesLoaded (0ms)
			ExecutionOrderSort2 (0ms)
			AwakeInstancesAfterBackupRestoration (14ms)
Platform modules already initialized, skipping
Refreshing native plugins compatible for Editor in 1.88 ms, found 2 plugins.
Preloading 0 native plugins for Editor in 0.00 ms.
Unloading 2054 Unused Serialized files (Serialized files now loaded: 0)
Unloading 13 unused Assets / (70.6 KB). Loaded Objects now: 2633.
Memory consumption went from 92.4 MB to 92.4 MB.
Total: 4.276500 ms (FindLiveObjects: 0.239700 ms CreateObjectMapping: 0.199900 ms MarkObjects: 3.703800 ms  DeleteObjects: 0.131700 ms)

AssetImportParameters requested are different than current active one (requested -> active):
  custom:video-decoder-ogg-theora: a1e56fd34408186e4bbccfd4996cb3dc -> 
  custom:container-muxer-webm: aa71ff27fc2769a1b78a27578f13a17b -> 
  custom:container-demuxer-webm: 4f35f7cbe854078d1ac9338744f61a02 -> 
  custom:video-encoder-webm-vp8: eb34c28f22e8b96e1ab97ce403110664 -> 
  custom:video-codec-MediaFoundation-h265: 746d11721c4dcdbdad8f713fa42b33f4 -> 
  custom:audio-encoder-webm-vorbis: bf7c407c2cedff20999df2af8eb42d56 -> 
  custom:framework-win-MediaFoundation: 216162199b28c13a410421893ffa2e32 -> 
  custom:container-demuxer-ogg: 62fdf1f143b41e24485cea50d1cbac27 -> 
  custom:video-decoder-webm-vp8: 9c59270c3fd7afecdb556c50c9e8de78 -> 
  custom:audio-decoder-ogg-vorbis: bf7c407c2cedff20999df2af8eb42d56 -> 
========================================================================
Received Import Request.
  Time since last request: 75.076813 seconds.
  path: Assets/Prefab/White Pieces/Rook 1.prefab
  artifactKey: Guid(e2e6688abfc843e448f8b14929b5558f) Importer(815301076,1909f56bfc062723c751e8b465ee728b)
Start importing Assets/Prefab/White Pieces/Rook 1.prefab using Guid(e2e6688abfc843e448f8b14929b5558f) Importer(815301076,1909f56bfc062723c751e8b465ee728b)  -> (artifact id: '5b80012838665b968ef574540441b87f') in 0.090341 seconds 
========================================================================
Received Import Request.
  Time since last request: 8.572190 seconds.
  path: Assets/Prefab/Black Pieces/Rook 1.prefab
  artifactKey: Guid(e2e6688abfc843e448f8b14929b5558f) Importer(815301076,1909f56bfc062723c751e8b465ee728b)
Start importing Assets/Prefab/Black Pieces/Rook 1.prefab using Guid(e2e6688abfc843e448f8b14929b5558f) Importer(815301076,1909f56bfc062723c751e8b465ee728b)  -> (artifact id: 'adddbcc4b2da7099dc9e9aab828a9611') in 0.010364 seconds 
========================================================================
Received Import Request.
  Time since last request: 2.599192 seconds.
  path: Assets/Prefab/Black Pieces/Rook 1.prefab
  artifactKey: Guid(e2e6688abfc843e448f8b14929b5558f) Importer(815301076,1909f56bfc062723c751e8b465ee728b)
Start importing Assets/Prefab/Black Pieces/Rook 1.prefab using Guid(e2e6688abfc843e448f8b14929b5558f) Importer(815301076,1909f56bfc062723c751e8b465ee728b)  -> (artifact id: '0c3ee7b9650e3fe051439823535e4e14') in 0.014650 seconds 
========================================================================
Received Import Request.
  Time since last request: 17.235199 seconds.
  path: Assets/Prefab/Black Pieces/Rook 1.prefab
  artifactKey: Guid(e2e6688abfc843e448f8b14929b5558f) Importer(815301076,1909f56bfc062723c751e8b465ee728b)
Start importing Assets/Prefab/Black Pieces/Rook 1.prefab using Guid(e2e6688abfc843e448f8b14929b5558f) Importer(815301076,1909f56bfc062723c751e8b465ee728b)  -> (artifact id: '9e612d59139713418de0774efd45776d') in 0.008046 seconds 
========================================================================
Received Import Request.
  Time since last request: 7.548320 seconds.
  path: Assets/Prefab/Black Pieces/Rook.prefab
  artifactKey: Guid(e2e6688abfc843e448f8b14929b5558f) Importer(815301076,1909f56bfc062723c751e8b465ee728b)
Start importing Assets/Prefab/Black Pieces/Rook.prefab using Guid(e2e6688abfc843e448f8b14929b5558f) Importer(815301076,1909f56bfc062723c751e8b465ee728b)  -> (artifact id: '8b71899efe18635da78cefba086088d1') in 0.016221 seconds 
========================================================================
Received Prepare
Registering precompiled user dll's ...
Registered in 0.003914 seconds.
Begin MonoManager ReloadAssembly
Native extension for WindowsStandalone target not found
Refreshing native plugins compatible for Editor in 0.47 ms, found 2 plugins.
Preloading 0 native plugins for Editor in 0.00 ms.
Mono: successfully reloaded assembly
- Completed reload, in  1.293 seconds
Domain Reload Profiling:
	ReloadAssembly (1294ms)
		BeginReloadAssembly (187ms)
			ExecutionOrderSort (0ms)
			DisableScriptedObjects (6ms)
			BackupInstance (0ms)
			ReleaseScriptingObjects (0ms)
			CreateAndSetChildDomain (45ms)
		EndReloadAssembly (976ms)
			LoadAssemblies (112ms)
			RebuildTransferFunctionScriptingTraits (0ms)
			SetupTypeCache (286ms)
			ReleaseScriptCaches (2ms)
			RebuildScriptCaches (56ms)
			SetupLoadedEditorAssemblies (468ms)
				LogAssemblyErrors (0ms)
				InitializePlatformSupportModulesInManaged (20ms)
				SetLoadedEditorAssemblies (1ms)
				RefreshPlugins (1ms)
				BeforeProcessingInitializeOnLoad (71ms)
				ProcessInitializeOnLoadAttributes (311ms)
				ProcessInitializeOnLoadMethodAttributes (51ms)
				AfterProcessingInitializeOnLoad (13ms)
				EditorAssembliesLoaded (0ms)
			ExecutionOrderSort2 (0ms)
			AwakeInstancesAfterBackupRestoration (12ms)
Platform modules already initialized, skipping
Refreshing native plugins compatible for Editor in 1.90 ms, found 2 plugins.
Preloading 0 native plugins for Editor in 0.00 ms.
Unloading 2054 Unused Serialized files (Serialized files now loaded: 0)
Unloading 13 unused Assets / (78.2 KB). Loaded Objects now: 2636.
Memory consumption went from 92.5 MB to 92.4 MB.
Total: 4.056600 ms (FindLiveObjects: 0.328000 ms CreateObjectMapping: 0.153300 ms MarkObjects: 3.350600 ms  DeleteObjects: 0.222700 ms)

AssetImportParameters requested are different than current active one (requested -> active):
  custom:video-decoder-ogg-theora: a1e56fd34408186e4bbccfd4996cb3dc -> 
  custom:container-muxer-webm: aa71ff27fc2769a1b78a27578f13a17b -> 
  custom:container-demuxer-webm: 4f35f7cbe854078d1ac9338744f61a02 -> 
  custom:video-encoder-webm-vp8: eb34c28f22e8b96e1ab97ce403110664 -> 
  custom:video-codec-MediaFoundation-h265: 746d11721c4dcdbdad8f713fa42b33f4 -> 
  custom:audio-encoder-webm-vorbis: bf7c407c2cedff20999df2af8eb42d56 -> 
  custom:framework-win-MediaFoundation: 216162199b28c13a410421893ffa2e32 -> 
  custom:container-demuxer-ogg: 62fdf1f143b41e24485cea50d1cbac27 -> 
  custom:video-decoder-webm-vp8: 9c59270c3fd7afecdb556c50c9e8de78 -> 
  custom:audio-decoder-ogg-vorbis: bf7c407c2cedff20999df2af8eb42d56 -> 
========================================================================
Received Import Request.
  Time since last request: 69.354485 seconds.
  path: Assets/Prefab/Black Pieces/Rook.prefab
  artifactKey: Guid(e2e6688abfc843e448f8b14929b5558f) Importer(815301076,1909f56bfc062723c751e8b465ee728b)
Start importing Assets/Prefab/Black Pieces/Rook.prefab using Guid(e2e6688abfc843e448f8b14929b5558f) Importer(815301076,1909f56bfc062723c751e8b465ee728b)  -> (artifact id: 'c4e52a3dbb50ecf64494247e0ec1d878') in 0.081103 seconds 
========================================================================
Received Import Request.
  Time since last request: 29.393372 seconds.
  path: Assets/Scenes/VolcanoMode.unity
  artifactKey: Guid(0b21d4904b0841d4a806130150fdbb29) Importer(815301076,1909f56bfc062723c751e8b465ee728b)
Start importing Assets/Scenes/VolcanoMode.unity using Guid(0b21d4904b0841d4a806130150fdbb29) Importer(815301076,1909f56bfc062723c751e8b465ee728b)  -> (artifact id: '86f92bdb5bc04fd52b63515fcd9ebe54') in 0.006491 seconds 
========================================================================
Received Prepare
Registering precompiled user dll's ...
Registered in 0.004469 seconds.
Begin MonoManager ReloadAssembly
Native extension for WindowsStandalone target not found
Refreshing native plugins compatible for Editor in 0.49 ms, found 2 plugins.
Preloading 0 native plugins for Editor in 0.00 ms.
Mono: successfully reloaded assembly
- Completed reload, in  1.329 seconds
Domain Reload Profiling:
	ReloadAssembly (1330ms)
		BeginReloadAssembly (202ms)
			ExecutionOrderSort (0ms)
			DisableScriptedObjects (7ms)
			BackupInstance (0ms)
			ReleaseScriptingObjects (0ms)
			CreateAndSetChildDomain (54ms)
		EndReloadAssembly (988ms)
			LoadAssemblies (111ms)
			RebuildTransferFunctionScriptingTraits (0ms)
			SetupTypeCache (260ms)
			ReleaseScriptCaches (1ms)
			RebuildScriptCaches (51ms)
			SetupLoadedEditorAssemblies (517ms)
				LogAssemblyErrors (0ms)
				InitializePlatformSupportModulesInManaged (20ms)
				SetLoadedEditorAssemblies (1ms)
				RefreshPlugins (1ms)
				BeforeProcessingInitializeOnLoad (74ms)
				ProcessInitializeOnLoadAttributes (360ms)
				ProcessInitializeOnLoadMethodAttributes (47ms)
				AfterProcessingInitializeOnLoad (14ms)
				EditorAssembliesLoaded (0ms)
			ExecutionOrderSort2 (0ms)
			AwakeInstancesAfterBackupRestoration (10ms)
Platform modules already initialized, skipping
Refreshing native plugins compatible for Editor in 1.71 ms, found 2 plugins.
Preloading 0 native plugins for Editor in 0.00 ms.
Unloading 2054 Unused Serialized files (Serialized files now loaded: 0)
Unloading 13 unused Assets / (78.1 KB). Loaded Objects now: 2639.
Memory consumption went from 92.5 MB to 92.4 MB.
Total: 3.528900 ms (FindLiveObjects: 0.188600 ms CreateObjectMapping: 0.097500 ms MarkObjects: 3.122800 ms  DeleteObjects: 0.118900 ms)

AssetImportParameters requested are different than current active one (requested -> active):
  custom:video-decoder-ogg-theora: a1e56fd34408186e4bbccfd4996cb3dc -> 
  custom:container-muxer-webm: aa71ff27fc2769a1b78a27578f13a17b -> 
  custom:container-demuxer-webm: 4f35f7cbe854078d1ac9338744f61a02 -> 
  custom:video-encoder-webm-vp8: eb34c28f22e8b96e1ab97ce403110664 -> 
  custom:video-codec-MediaFoundation-h265: 746d11721c4dcdbdad8f713fa42b33f4 -> 
  custom:audio-encoder-webm-vorbis: bf7c407c2cedff20999df2af8eb42d56 -> 
  custom:framework-win-MediaFoundation: 216162199b28c13a410421893ffa2e32 -> 
  custom:container-demuxer-ogg: 62fdf1f143b41e24485cea50d1cbac27 -> 
  custom:video-decoder-webm-vp8: 9c59270c3fd7afecdb556c50c9e8de78 -> 
  custom:audio-decoder-ogg-vorbis: bf7c407c2cedff20999df2af8eb42d56 -> 
========================================================================
Received Import Request.
  Time since last request: 42.316662 seconds.
  path: Assets/Prefab/Black Pieces/Rook.prefab
  artifactKey: Guid(e2e6688abfc843e448f8b14929b5558f) Importer(815301076,1909f56bfc062723c751e8b465ee728b)
Start importing Assets/Prefab/Black Pieces/Rook.prefab using Guid(e2e6688abfc843e448f8b14929b5558f) Importer(815301076,1909f56bfc062723c751e8b465ee728b)  -> (artifact id: '03bc196fa191701d131edef7988cd38e') in 0.088799 seconds 
========================================================================
Received Prepare
Registering precompiled user dll's ...
Registered in 0.003985 seconds.
Begin MonoManager ReloadAssembly
Native extension for WindowsStandalone target not found
Refreshing native plugins compatible for Editor in 0.49 ms, found 2 plugins.
Preloading 0 native plugins for Editor in 0.00 ms.
Mono: successfully reloaded assembly
- Completed reload, in  1.434 seconds
Domain Reload Profiling:
	ReloadAssembly (1435ms)
		BeginReloadAssembly (267ms)
			ExecutionOrderSort (0ms)
			DisableScriptedObjects (8ms)
			BackupInstance (0ms)
			ReleaseScriptingObjects (0ms)
			CreateAndSetChildDomain (68ms)
		EndReloadAssembly (1002ms)
			LoadAssemblies (159ms)
			RebuildTransferFunctionScriptingTraits (0ms)
			SetupTypeCache (288ms)
			ReleaseScriptCaches (1ms)
			RebuildScriptCaches (53ms)
			SetupLoadedEditorAssemblies (492ms)
				LogAssemblyErrors (0ms)
				InitializePlatformSupportModulesInManaged (17ms)
				SetLoadedEditorAssemblies (1ms)
				RefreshPlugins (1ms)
				BeforeProcessingInitializeOnLoad (94ms)
				ProcessInitializeOnLoadAttributes (331ms)
				ProcessInitializeOnLoadMethodAttributes (37ms)
				AfterProcessingInitializeOnLoad (12ms)
				EditorAssembliesLoaded (0ms)
			ExecutionOrderSort2 (0ms)
			AwakeInstancesAfterBackupRestoration (8ms)
Platform modules already initialized, skipping
Refreshing native plugins compatible for Editor in 1.70 ms, found 2 plugins.
Preloading 0 native plugins for Editor in 0.00 ms.
Unloading 2054 Unused Serialized files (Serialized files now loaded: 0)
Unloading 13 unused Assets / (70.5 KB). Loaded Objects now: 2642.
Memory consumption went from 92.4 MB to 92.3 MB.
Total: 4.316100 ms (FindLiveObjects: 0.197900 ms CreateObjectMapping: 0.091200 ms MarkObjects: 3.900600 ms  DeleteObjects: 0.125400 ms)

AssetImportParameters requested are different than current active one (requested -> active):
  custom:video-decoder-ogg-theora: a1e56fd34408186e4bbccfd4996cb3dc -> 
  custom:container-muxer-webm: aa71ff27fc2769a1b78a27578f13a17b -> 
  custom:container-demuxer-webm: 4f35f7cbe854078d1ac9338744f61a02 -> 
  custom:video-encoder-webm-vp8: eb34c28f22e8b96e1ab97ce403110664 -> 
  custom:video-codec-MediaFoundation-h265: 746d11721c4dcdbdad8f713fa42b33f4 -> 
  custom:audio-encoder-webm-vorbis: bf7c407c2cedff20999df2af8eb42d56 -> 
  custom:framework-win-MediaFoundation: 216162199b28c13a410421893ffa2e32 -> 
  custom:container-demuxer-ogg: 62fdf1f143b41e24485cea50d1cbac27 -> 
  custom:video-decoder-webm-vp8: 9c59270c3fd7afecdb556c50c9e8de78 -> 
  custom:audio-decoder-ogg-vorbis: bf7c407c2cedff20999df2af8eb42d56 -> 
========================================================================
Received Prepare
Registering precompiled user dll's ...
Registered in 0.004588 seconds.
Begin MonoManager ReloadAssembly
Native extension for WindowsStandalone target not found
Refreshing native plugins compatible for Editor in 0.70 ms, found 2 plugins.
Preloading 0 native plugins for Editor in 0.00 ms.
Mono: successfully reloaded assembly
- Completed reload, in  1.329 seconds
Domain Reload Profiling:
	ReloadAssembly (1330ms)
		BeginReloadAssembly (190ms)
			ExecutionOrderSort (0ms)
			DisableScriptedObjects (9ms)
			BackupInstance (0ms)
			ReleaseScriptingObjects (0ms)
			CreateAndSetChildDomain (39ms)
		EndReloadAssembly (993ms)
			LoadAssemblies (113ms)
			RebuildTransferFunctionScriptingTraits (0ms)
			SetupTypeCache (257ms)
			ReleaseScriptCaches (1ms)
			RebuildScriptCaches (53ms)
			SetupLoadedEditorAssemblies (519ms)
				LogAssemblyErrors (0ms)
				InitializePlatformSupportModulesInManaged (17ms)
				SetLoadedEditorAssemblies (1ms)
				RefreshPlugins (1ms)
				BeforeProcessingInitializeOnLoad (77ms)
				ProcessInitializeOnLoadAttributes (368ms)
				ProcessInitializeOnLoadMethodAttributes (43ms)
				AfterProcessingInitializeOnLoad (14ms)
				EditorAssembliesLoaded (0ms)
			ExecutionOrderSort2 (0ms)
			AwakeInstancesAfterBackupRestoration (10ms)
Platform modules already initialized, skipping
Refreshing native plugins compatible for Editor in 3.02 ms, found 2 plugins.
Preloading 0 native plugins for Editor in 0.00 ms.
Unloading 2054 Unused Serialized files (Serialized files now loaded: 0)
Unloading 13 unused Assets / (78.2 KB). Loaded Objects now: 2645.
Memory consumption went from 92.5 MB to 92.4 MB.
Total: 4.696800 ms (FindLiveObjects: 0.261500 ms CreateObjectMapping: 0.127000 ms MarkObjects: 4.124800 ms  DeleteObjects: 0.181400 ms)

AssetImportParameters requested are different than current active one (requested -> active):
  custom:video-decoder-ogg-theora: a1e56fd34408186e4bbccfd4996cb3dc -> 
  custom:container-muxer-webm: aa71ff27fc2769a1b78a27578f13a17b -> 
  custom:container-demuxer-webm: 4f35f7cbe854078d1ac9338744f61a02 -> 
  custom:video-encoder-webm-vp8: eb34c28f22e8b96e1ab97ce403110664 -> 
  custom:video-codec-MediaFoundation-h265: 746d11721c4dcdbdad8f713fa42b33f4 -> 
  custom:audio-encoder-webm-vorbis: bf7c407c2cedff20999df2af8eb42d56 -> 
  custom:framework-win-MediaFoundation: 216162199b28c13a410421893ffa2e32 -> 
  custom:container-demuxer-ogg: 62fdf1f143b41e24485cea50d1cbac27 -> 
  custom:video-decoder-webm-vp8: 9c59270c3fd7afecdb556c50c9e8de78 -> 
  custom:audio-decoder-ogg-vorbis: bf7c407c2cedff20999df2af8eb42d56 -> 
